Arguments: 
  /home/steve/.nvm/versions/node/v12.16.1/bin/node /usr/share/yarn/bin/yarn.js add create-react-app Portfolio2.0

PATH: 
  /home/steve/.nvm/versions/node/v12.16.1/bin:/usr/local/bin:/usr/local/sbin:/home/steve/.rvm/gems/ruby-2.5.1/bin:/home/steve/.rvm/gems/ruby-2.5.1@global/bin:/home/steve/.rvm/rubies/ruby-2.5.1/bin:/usr/sbin:/usr/bin:/sbin:/bin:/usr/games:/usr/local/games:/snap/bin:/home/steve/.rvm/bin:/home/steve/.rvm/bin:/home/steve/.rvm/bin:/home/steve/.rvm/bin

Yarn version: 
  1.22.4

Node version: 
  12.16.1

Platform: 
  linux x64

Trace: 
  Error: https://registry.yarnpkg.com/Portfolio2.0: Not found
      at Request.params.callback [as _callback] (/usr/share/yarn/lib/cli.js:66987:18)
      at Request.self.callback (/usr/share/yarn/lib/cli.js:140748:22)
      at Request.emit (events.js:311:20)
      at Request.<anonymous> (/usr/share/yarn/lib/cli.js:141720:10)
      at Request.emit (events.js:311:20)
      at IncomingMessage.<anonymous> (/usr/share/yarn/lib/cli.js:141642:12)
      at Object.onceWrapper (events.js:417:28)
      at IncomingMessage.emit (events.js:323:22)
      at endReadableNT (_stream_readable.js:1204:12)
      at processTicksAndRejections (internal/process/task_queues.js:84:21)

npm manifest: 
  No manifest

yarn manifest: 
  No manifest

Lockfile: 
  No lockfile
